<?xml version="1.0" encoding="UTF-8"?>
<!-- Generated by org.testng.reporters.JUnitReportReporter -->
<testsuite hostname="Srija-SK" failures="0" tests="1" name="package1.Test1" time="0.011" errors="0" timestamp="2021-12-24T20:34:01 IST" skipped="0">
  <testcase classname="package1.Test1" name="file1" time="0.011"/>
  <system-out/>
</testsuite> <!-- package1.Test1 -->
